[2021-01-12T19:44:56.299] [DEBUG] cheese - login => username:as,password:12345
[2021-01-12T19:44:56.325] [DEBUG] cheese - as
[2021-01-12T19:44:56.375] [DEBUG] cheese - null
[2021-01-12T19:44:56.376] [DEBUG] cheese - null
[2021-01-12T19:49:41.263] [DEBUG] cheese - login => username:damin,password:12345
[2021-01-12T19:49:41.263] [DEBUG] cheese - damin
[2021-01-12T19:49:41.270] [DEBUG] cheese - null
[2021-01-12T19:49:41.271] [DEBUG] cheese - null
[2021-01-12T19:49:48.535] [DEBUG] cheese - login => username:admin,password:12345
[2021-01-12T19:49:48.535] [DEBUG] cheese - admin
[2021-01-12T19:49:48.542] [DEBUG] cheese - null
[2021-01-12T19:49:48.542] [DEBUG] cheese - null
[2021-01-12T19:49:55.547] [DEBUG] cheese - login => username:admin,password:123456
[2021-01-12T19:49:55.547] [DEBUG] cheese - admin
[2021-01-12T19:49:55.553] [DEBUG] cheese - null
[2021-01-12T19:49:55.553] [DEBUG] cheese - null
[2021-01-12T22:46:54.455] [DEBUG] cheese - login => username:admin2,password:123456
[2021-01-12T22:46:54.480] [DEBUG] cheese - admin2
[2021-01-12T22:46:54.523] [DEBUG] cheese - null
[2021-01-12T22:46:54.523] [DEBUG] cheese - null
[2021-01-12T22:46:59.337] [DEBUG] cheese - login => username:admin,password:123456
[2021-01-12T22:46:59.338] [DEBUG] cheese - admin
[2021-01-12T22:46:59.340] [DEBUG] cheese - null
[2021-01-12T22:46:59.340] [DEBUG] cheese - null
